[   11244ms] [INFO] Version: 2.110.0-embed @ https://static.rutube.ru/raichu-embed/index.f6d197747b5bc12c477a.js:0
[   11529ms] [INFO] New session_id generated. sessionId: '64200584501777464899_1777464899418' @ https://static.rutube.ru/raichu-embed/index.f6d197747b5bc12c477a.js:0
[   11949ms] [ERROR] Failed to load resource: the server responded with a status of 404 (Not Found) @ https://rutube.ru/api/play/options/demo/?no_404=true&referer=http%253A%252F%252F127.0.0.1%253A8123&pver=v2&client=wdp&mq=all&av1=1&ac_request_id=b27ff483-43cf-4b38-aaf1-b3d507784e57&ac_client=web&ver=2.110.0&ad_ver=v2&cvid=64200584501777464899_1777464899373_0&yclid=1777464899598177276:0
[   11958ms] [WARNING] Player fail to fetch PlayOptions SyntaxError: Unexpected token '<', "
<!doctype "... is not valid JSON @ https://static.rutube.ru/raichu-embed/index.f6d197747b5bc12c477a.js:0
[   12001ms] [ERROR] Failed to load resource: the server responded with a status of 400 (Bad Request) @ https://rutube.ru/pangolin/api/web/serial/demo:0
[   19652ms] [WARNING] The resource https://yastatic.net/partner-code-bundles/1304840/vas-bundles/bundles-es2017/loader.bundle.js was preloaded using link preload but not used within a few seconds from the window's load event. Please make sure it has an appropriate `as` value and it is preloaded intentionally. @ https://rutube.ru/play/embed/demo/:0
[   24731ms] [WARNING] The resource https://yastatic.net/partner-code-bundles/1304840/vas-bundles/bundles-es2017/loader.bundle.js was preloaded using link preload but not used within a few seconds from the window's load event. Please make sure it has an appropriate `as` value and it is preloaded intentionally. @ https://rutube.ru/play/embed/demo/:0
[   29960ms] [WARNING] The resource https://yastatic.net/partner-code-bundles/1304840/vas-bundles/bundles-es2017/loader.bundle.js was preloaded using link preload but not used within a few seconds from the window's load event. Please make sure it has an appropriate `as` value and it is preloaded intentionally. @ https://rutube.ru/play/embed/demo/:0
[   11949ms] [ERROR] Failed to load resource: the server responded with a status of 404 (Not Found) @ https://rutube.ru/api/play/options/demo/?no_404=true&referer=http%253A%252F%252F127.0.0.1%253A8123&pver=v2&client=wdp&mq=all&av1=1&ac_request_id=b27ff483-43cf-4b38-aaf1-b3d507784e57&ac_client=web&ver=2.110.0&ad_ver=v2&cvid=64200584501777464899_1777464899373_0&yclid=1777464899598177276:0
[   12001ms] [ERROR] Failed to load resource: the server responded with a status of 400 (Bad Request) @ https://rutube.ru/pangolin/api/web/serial/demo:0
[   19652ms] [WARNING] The resource https://yastatic.net/partner-code-bundles/1304840/vas-bundles/bundles-es2017/loader.bundle.js was preloaded using link preload but not used within a few seconds from the window's load event. Please make sure it has an appropriate `as` value and it is preloaded intentionally. @ https://rutube.ru/play/embed/demo/:0
[   24731ms] [WARNING] The resource https://yastatic.net/partner-code-bundles/1304840/vas-bundles/bundles-es2017/loader.bundle.js was preloaded using link preload but not used within a few seconds from the window's load event. Please make sure it has an appropriate `as` value and it is preloaded intentionally. @ https://rutube.ru/play/embed/demo/:0
[   29960ms] [WARNING] The resource https://yastatic.net/partner-code-bundles/1304840/vas-bundles/bundles-es2017/loader.bundle.js was preloaded using link preload but not used within a few seconds from the window's load event. Please make sure it has an appropriate `as` value and it is preloaded intentionally. @ https://rutube.ru/play/embed/demo/:0
[   31846ms] [INFO] Version: 2.110.0-embed @ https://static.rutube.ru/raichu-embed/index.f6d197747b5bc12c477a.js:0
[   32354ms] [ERROR] Failed to load resource: the server responded with a status of 404 (Not Found) @ https://rutube.ru/api/play/options/demo/?no_404=true&referer=http%253A%252F%252F127.0.0.1%253A8123&pver=v2&client=wdp&mq=all&av1=1&ac_request_id=b44ee219-61a7-4dbf-b1db-00c2bf370ec9&ac_client=web&ver=2.110.0&ad_ver=v2&cvid=64200584501777464899_1777464919787_0&yclid=1777464899598177276:0
[   32363ms] [WARNING] Player fail to fetch PlayOptions SyntaxError: Unexpected token '<', "
<!doctype "... is not valid JSON @ https://static.rutube.ru/raichu-embed/index.f6d197747b5bc12c477a.js:0
[   32403ms] [ERROR] Failed to load resource: the server responded with a status of 400 (Bad Request) @ https://rutube.ru/pangolin/api/web/serial/demo:0
[   36668ms] [WARNING] The resource https://yastatic.net/partner-code-bundles/1304840/vas-bundles/bundles-es2017/loader.bundle.js was preloaded using link preload but not used within a few seconds from the window's load event. Please make sure it has an appropriate `as` value and it is preloaded intentionally. @ https://rutube.ru/play/embed/demo/:0
[   50896ms] [WARNING] The resource https://yastatic.net/partner-code-bundles/1304840/vas-bundles/bundles-es2017/loader.bundle.js was preloaded using link preload but not used within a few seconds from the window's load event. Please make sure it has an appropriate `as` value and it is preloaded intentionally. @ https://rutube.ru/play/embed/demo/:0
